{"/Users/lg/lab/wolfram-physics-explorer/src/services/physics/customRuleParser.ts": {"path":"/Users/lg/lab/wolfram-physics-explorer/src/services/physics/customRuleParser.ts","statementMap":{"0":{"start":{"line":4,"column":20},"end":{"line":6,"column":null}},"1":{"start":{"line":5,"column":4},"end":{"line":5,"column":null}},"2":{"start":{"line":5,"column":56},"end":{"line":5,"column":64}},"3":{"start":{"line":8,"column":39},"end":{"line":91,"column":null}},"4":{"start":{"line":15,"column":29},"end":{"line":15,"column":null}},"5":{"start":{"line":15,"column":60},"end":{"line":15,"column":68}},"6":{"start":{"line":18,"column":10},"end":{"line":18,"column":null}},"7":{"start":{"line":18,"column":70},"end":{"line":18,"column":85}},"8":{"start":{"line":19,"column":24},"end":{"line":19,"column":null}},"9":{"start":{"line":22,"column":4},"end":{"line":30,"column":null}},"10":{"start":{"line":23,"column":9},"end":{"line":23,"column":null}},"11":{"start":{"line":23,"column":33},"end":{"line":23,"column":null}},"12":{"start":{"line":24,"column":24},"end":{"line":24,"column":null}},"13":{"start":{"line":25,"column":15},"end":{"line":25,"column":null}},"14":{"start":{"line":26,"column":9},"end":{"line":29,"column":null}},"15":{"start":{"line":34,"column":37},"end":{"line":34,"column":null}},"16":{"start":{"line":35,"column":4},"end":{"line":37,"column":null}},"17":{"start":{"line":35,"column":14},"end":{"line":35,"column":17}},"18":{"start":{"line":36,"column":8},"end":{"line":36,"column":null}},"19":{"start":{"line":40,"column":19},"end":{"line":40,"column":null}},"20":{"start":{"line":42,"column":4},"end":{"line":52,"column":null}},"21":{"start":{"line":43,"column":21},"end":{"line":43,"column":null}},"22":{"start":{"line":44,"column":21},"end":{"line":44,"column":null}},"23":{"start":{"line":46,"column":18},"end":{"line":46,"column":null}},"24":{"start":{"line":48,"column":18},"end":{"line":48,"column":null}},"25":{"start":{"line":50,"column":8},"end":{"line":50,"column":null}},"26":{"start":{"line":50,"column":21},"end":{"line":50,"column":null}},"27":{"start":{"line":51,"column":8},"end":{"line":51,"column":null}},"28":{"start":{"line":51,"column":21},"end":{"line":51,"column":null}},"29":{"start":{"line":55,"column":34},"end":{"line":55,"column":null}},"30":{"start":{"line":56,"column":34},"end":{"line":56,"column":null}},"31":{"start":{"line":57,"column":21},"end":{"line":57,"column":null}},"32":{"start":{"line":59,"column":10},"end":{"line":59,"column":null}},"33":{"start":{"line":59,"column":70},"end":{"line":59,"column":85}},"34":{"start":{"line":61,"column":4},"end":{"line":88,"column":null}},"35":{"start":{"line":62,"column":21},"end":{"line":62,"column":null}},"36":{"start":{"line":63,"column":26},"end":{"line":63,"column":null}},"37":{"start":{"line":64,"column":26},"end":{"line":64,"column":null}},"38":{"start":{"line":67,"column":23},"end":{"line":67,"column":null}},"39":{"start":{"line":68,"column":8},"end":{"line":74,"column":null}},"40":{"start":{"line":70,"column":12},"end":{"line":70,"column":null}},"41":{"start":{"line":71,"column":12},"end":{"line":71,"column":null}},"42":{"start":{"line":72,"column":12},"end":{"line":72,"column":null}},"43":{"start":{"line":73,"column":12},"end":{"line":73,"column":null}},"44":{"start":{"line":77,"column":23},"end":{"line":77,"column":null}},"45":{"start":{"line":78,"column":8},"end":{"line":83,"column":null}},"46":{"start":{"line":79,"column":12},"end":{"line":79,"column":null}},"47":{"start":{"line":80,"column":12},"end":{"line":80,"column":null}},"48":{"start":{"line":81,"column":12},"end":{"line":81,"column":null}},"49":{"start":{"line":82,"column":12},"end":{"line":82,"column":null}},"50":{"start":{"line":87,"column":8},"end":{"line":87,"column":null}},"51":{"start":{"line":90,"column":4},"end":{"line":90,"column":null}}},"fnMap":{"0":{"name":"(anonymous_0)","decl":{"start":{"line":4,"column":20},"end":{"line":4,"column":21}},"loc":{"start":{"line":4,"column":47},"end":{"line":6,"column":null}},"line":4},"1":{"name":"(anonymous_1)","decl":{"start":{"line":5,"column":51},"end":{"line":5,"column":56}},"loc":{"start":{"line":5,"column":56},"end":{"line":5,"column":64}},"line":5},"2":{"name":"(anonymous_2)","decl":{"start":{"line":8,"column":39},"end":{"line":8,"column":null}},"loc":{"start":{"line":14,"column":55},"end":{"line":91,"column":null}},"line":14},"3":{"name":"(anonymous_3)","decl":{"start":{"line":15,"column":55},"end":{"line":15,"column":60}},"loc":{"start":{"line":15,"column":60},"end":{"line":15,"column":68}},"line":15},"4":{"name":"(anonymous_4)","decl":{"start":{"line":18,"column":65},"end":{"line":18,"column":70}},"loc":{"start":{"line":18,"column":70},"end":{"line":18,"column":85}},"line":18},"5":{"name":"(anonymous_5)","decl":{"start":{"line":42,"column":21},"end":{"line":42,"column":22}},"loc":{"start":{"line":42,"column":43},"end":{"line":52,"column":5}},"line":42},"6":{"name":"(anonymous_6)","decl":{"start":{"line":59,"column":65},"end":{"line":59,"column":70}},"loc":{"start":{"line":59,"column":70},"end":{"line":59,"column":85}},"line":59},"7":{"name":"(anonymous_7)","decl":{"start":{"line":61,"column":21},"end":{"line":61,"column":36}},"loc":{"start":{"line":61,"column":36},"end":{"line":88,"column":5}},"line":61}},"branchMap":{"0":{"loc":{"start":{"line":18,"column":22},"end":{"line":18,"column":58}},"type":"binary-expr","locations":[{"start":{"line":18,"column":22},"end":{"line":18,"column":54}},{"start":{"line":18,"column":54},"end":{"line":18,"column":58}}],"line":18},"1":{"loc":{"start":{"line":22,"column":4},"end":{"line":30,"column":null}},"type":"if","locations":[{"start":{"line":22,"column":4},"end":{"line":30,"column":null}},{"start":{},"end":{}}],"line":22},"2":{"loc":{"start":{"line":23,"column":9},"end":{"line":23,"column":null}},"type":"if","locations":[{"start":{"line":23,"column":9},"end":{"line":23,"column":null}},{"start":{},"end":{}}],"line":23},"3":{"loc":{"start":{"line":46,"column":18},"end":{"line":46,"column":null}},"type":"cond-expr","locations":[{"start":{"line":46,"column":53},"end":{"line":46,"column":78}},{"start":{"line":46,"column":78},"end":{"line":46,"column":null}}],"line":46},"4":{"loc":{"start":{"line":48,"column":18},"end":{"line":48,"column":null}},"type":"cond-expr","locations":[{"start":{"line":48,"column":53},"end":{"line":48,"column":78}},{"start":{"line":48,"column":78},"end":{"line":48,"column":null}}],"line":48},"5":{"loc":{"start":{"line":50,"column":8},"end":{"line":50,"column":null}},"type":"if","locations":[{"start":{"line":50,"column":8},"end":{"line":50,"column":null}},{"start":{},"end":{}}],"line":50},"6":{"loc":{"start":{"line":51,"column":8},"end":{"line":51,"column":null}},"type":"if","locations":[{"start":{"line":51,"column":8},"end":{"line":51,"column":null}},{"start":{},"end":{}}],"line":51},"7":{"loc":{"start":{"line":59,"column":22},"end":{"line":59,"column":58}},"type":"binary-expr","locations":[{"start":{"line":59,"column":22},"end":{"line":59,"column":54}},{"start":{"line":59,"column":54},"end":{"line":59,"column":58}}],"line":59},"8":{"loc":{"start":{"line":68,"column":8},"end":{"line":74,"column":null}},"type":"if","locations":[{"start":{"line":68,"column":8},"end":{"line":74,"column":null}},{"start":{},"end":{}}],"line":68},"9":{"loc":{"start":{"line":78,"column":8},"end":{"line":83,"column":null}},"type":"if","locations":[{"start":{"line":78,"column":8},"end":{"line":83,"column":null}},{"start":{},"end":{}}],"line":78}},"s":{"0":1,"1":7,"2":14,"3":1,"4":4,"5":8,"6":4,"7":5,"8":4,"9":4,"10":2,"11":1,"12":1,"13":1,"14":1,"15":2,"16":2,"17":2,"18":3,"19":2,"20":2,"21":3,"22":3,"23":3,"24":3,"25":3,"26":3,"27":3,"28":3,"29":2,"30":2,"31":2,"32":2,"33":4,"34":4,"35":4,"36":4,"37":4,"38":4,"39":4,"40":0,"41":0,"42":0,"43":0,"44":4,"45":4,"46":1,"47":1,"48":1,"49":1,"50":4,"51":4},"f":{"0":7,"1":14,"2":4,"3":8,"4":5,"5":3,"6":4,"7":4},"b":{"0":[4,0],"1":[2,2],"2":[1,1],"3":[0,3],"4":[0,3],"5":[3,0],"6":[3,0],"7":[2,0],"8":[0,4],"9":[1,3]},"meta":{"lastBranch":10,"lastFunction":8,"lastStatement":52,"seen":{"s:4:20:6:Infinity":0,"f:4:20:4:21":0,"s:5:4:5:Infinity":1,"f:5:51:5:56":1,"s:5:56:5:64":2,"s:8:39:91:Infinity":3,"f:8:39:8:Infinity":2,"s:15:29:15:Infinity":4,"f:15:55:15:60":3,"s:15:60:15:68":5,"s:18:10:18:Infinity":6,"b:18:22:18:54:18:54:18:58":0,"f:18:65:18:70":4,"s:18:70:18:85":7,"s:19:24:19:Infinity":8,"b:22:4:30:Infinity:undefined:undefined:undefined:undefined":1,"s:22:4:30:Infinity":9,"b:23:9:23:Infinity:undefined:undefined:undefined:undefined":2,"s:23:9:23:Infinity":10,"s:23:33:23:Infinity":11,"s:24:24:24:Infinity":12,"s:25:15:25:Infinity":13,"s:26:9:29:Infinity":14,"s:34:37:34:Infinity":15,"s:35:4:37:Infinity":16,"s:35:14:35:17":17,"s:36:8:36:Infinity":18,"s:40:19:40:Infinity":19,"s:42:4:52:Infinity":20,"f:42:21:42:22":5,"s:43:21:43:Infinity":21,"s:44:21:44:Infinity":22,"s:46:18:46:Infinity":23,"b:46:53:46:78:46:78:46:Infinity":3,"s:48:18:48:Infinity":24,"b:48:53:48:78:48:78:48:Infinity":4,"b:50:8:50:Infinity:undefined:undefined:undefined:undefined":5,"s:50:8:50:Infinity":25,"s:50:21:50:Infinity":26,"b:51:8:51:Infinity:undefined:undefined:undefined:undefined":6,"s:51:8:51:Infinity":27,"s:51:21:51:Infinity":28,"s:55:34:55:Infinity":29,"s:56:34:56:Infinity":30,"s:57:21:57:Infinity":31,"s:59:10:59:Infinity":32,"b:59:22:59:54:59:54:59:58":7,"f:59:65:59:70":6,"s:59:70:59:85":33,"s:61:4:88:Infinity":34,"f:61:21:61:36":7,"s:62:21:62:Infinity":35,"s:63:26:63:Infinity":36,"s:64:26:64:Infinity":37,"s:67:23:67:Infinity":38,"b:68:8:74:Infinity:undefined:undefined:undefined:undefined":8,"s:68:8:74:Infinity":39,"s:70:12:70:Infinity":40,"s:71:12:71:Infinity":41,"s:72:12:72:Infinity":42,"s:73:12:73:Infinity":43,"s:77:23:77:Infinity":44,"b:78:8:83:Infinity:undefined:undefined:undefined:undefined":9,"s:78:8:83:Infinity":45,"s:79:12:79:Infinity":46,"s:80:12:80:Infinity":47,"s:81:12:81:Infinity":48,"s:82:12:82:Infinity":49,"s:87:8:87:Infinity":50,"s:90:4:90:Infinity":51}}}
,"/Users/lg/lab/wolfram-physics-explorer/src/services/physics/engine.ts": {"path":"/Users/lg/lab/wolfram-physics-explorer/src/services/physics/engine.ts","statementMap":{"0":{"start":{"line":4,"column":34},"end":{"line":11,"column":null}},"1":{"start":{"line":5,"column":2},"end":{"line":10,"column":null}},"2":{"start":{"line":13,"column":30},"end":{"line":56,"column":null}},"3":{"start":{"line":18,"column":2},"end":{"line":20,"column":null}},"4":{"start":{"line":19,"column":6},"end":{"line":19,"column":null}},"5":{"start":{"line":22,"column":8},"end":{"line":22,"column":null}},"6":{"start":{"line":23,"column":18},"end":{"line":23,"column":null}},"7":{"start":{"line":24,"column":33},"end":{"line":29,"column":null}},"8":{"start":{"line":31,"column":25},"end":{"line":31,"column":null}},"9":{"start":{"line":32,"column":21},"end":{"line":32,"column":null}},"10":{"start":{"line":33,"column":23},"end":{"line":33,"column":null}},"11":{"start":{"line":33,"column":64},"end":{"line":33,"column":68}},"12":{"start":{"line":35,"column":21},"end":{"line":44,"column":null}},"13":{"start":{"line":37,"column":23},"end":{"line":37,"column":null}},"14":{"start":{"line":39,"column":23},"end":{"line":39,"column":null}},"15":{"start":{"line":41,"column":23},"end":{"line":41,"column":null}},"16":{"start":{"line":41,"column":95},"end":{"line":41,"column":112}},"17":{"start":{"line":42,"column":23},"end":{"line":42,"column":null}},"18":{"start":{"line":42,"column":95},"end":{"line":42,"column":112}},"19":{"start":{"line":43,"column":6},"end":{"line":43,"column":null}},"20":{"start":{"line":46,"column":20},"end":{"line":46,"column":null}},"21":{"start":{"line":47,"column":20},"end":{"line":47,"column":null}},"22":{"start":{"line":49,"column":14},"end":{"line":49,"column":null}},"23":{"start":{"line":50,"column":2},"end":{"line":53,"column":null}},"24":{"start":{"line":51,"column":18},"end":{"line":51,"column":null}},"25":{"start":{"line":52,"column":6},"end":{"line":52,"column":null}},"26":{"start":{"line":52,"column":38},"end":{"line":52,"column":null}},"27":{"start":{"line":55,"column":2},"end":{"line":55,"column":null}}},"fnMap":{"0":{"name":"(anonymous_0)","decl":{"start":{"line":4,"column":34},"end":{"line":4,"column":57}},"loc":{"start":{"line":4,"column":57},"end":{"line":11,"column":null}},"line":4},"1":{"name":"(anonymous_1)","decl":{"start":{"line":13,"column":30},"end":{"line":13,"column":null}},"loc":{"start":{"line":17,"column":22},"end":{"line":56,"column":null}},"line":17},"2":{"name":"(anonymous_2)","decl":{"start":{"line":33,"column":46},"end":{"line":33,"column":47}},"loc":{"start":{"line":33,"column":64},"end":{"line":33,"column":68}},"line":33},"3":{"name":"(anonymous_3)","decl":{"start":{"line":35,"column":37},"end":{"line":35,"column":38}},"loc":{"start":{"line":35,"column":55},"end":{"line":44,"column":3}},"line":35},"4":{"name":"(anonymous_4)","decl":{"start":{"line":41,"column":77},"end":{"line":41,"column":78}},"loc":{"start":{"line":41,"column":95},"end":{"line":41,"column":112}},"line":41},"5":{"name":"(anonymous_5)","decl":{"start":{"line":42,"column":77},"end":{"line":42,"column":78}},"loc":{"start":{"line":42,"column":95},"end":{"line":42,"column":112}},"line":42},"6":{"name":"(anonymous_6)","decl":{"start":{"line":50,"column":21},"end":{"line":50,"column":22}},"loc":{"start":{"line":50,"column":39},"end":{"line":53,"column":3}},"line":50}},"branchMap":{"0":{"loc":{"start":{"line":16,"column":4},"end":{"line":16,"column":null}},"type":"default-arg","locations":[{"start":{"line":16,"column":28},"end":{"line":16,"column":null}}],"line":16},"1":{"loc":{"start":{"line":18,"column":2},"end":{"line":20,"column":null}},"type":"if","locations":[{"start":{"line":18,"column":2},"end":{"line":20,"column":null}},{"start":{},"end":{}}],"line":18},"2":{"loc":{"start":{"line":37,"column":23},"end":{"line":37,"column":null}},"type":"cond-expr","locations":[{"start":{"line":37,"column":55},"end":{"line":37,"column":77}},{"start":{"line":37,"column":77},"end":{"line":37,"column":null}}],"line":37},"3":{"loc":{"start":{"line":39,"column":23},"end":{"line":39,"column":null}},"type":"cond-expr","locations":[{"start":{"line":39,"column":55},"end":{"line":39,"column":77}},{"start":{"line":39,"column":77},"end":{"line":39,"column":null}}],"line":39},"4":{"loc":{"start":{"line":41,"column":23},"end":{"line":41,"column":null}},"type":"binary-expr","locations":[{"start":{"line":41,"column":23},"end":{"line":41,"column":53}},{"start":{"line":41,"column":53},"end":{"line":41,"column":null}}],"line":41},"5":{"loc":{"start":{"line":42,"column":23},"end":{"line":42,"column":null}},"type":"binary-expr","locations":[{"start":{"line":42,"column":23},"end":{"line":42,"column":53}},{"start":{"line":42,"column":53},"end":{"line":42,"column":null}}],"line":42},"6":{"loc":{"start":{"line":43,"column":13},"end":{"line":43,"column":null}},"type":"binary-expr","locations":[{"start":{"line":43,"column":13},"end":{"line":43,"column":25}},{"start":{"line":43,"column":25},"end":{"line":43,"column":null}}],"line":43},"7":{"loc":{"start":{"line":52,"column":6},"end":{"line":52,"column":null}},"type":"if","locations":[{"start":{"line":52,"column":6},"end":{"line":52,"column":null}},{"start":{},"end":{}}],"line":52},"8":{"loc":{"start":{"line":52,"column":10},"end":{"line":52,"column":38}},"type":"binary-expr","locations":[{"start":{"line":52,"column":10},"end":{"line":52,"column":25}},{"start":{"line":52,"column":25},"end":{"line":52,"column":38}}],"line":52}},"s":{"0":2,"1":7,"2":2,"3":9,"4":4,"5":5,"6":5,"7":5,"8":5,"9":5,"10":5,"11":10,"12":5,"13":14,"14":14,"15":14,"16":15,"17":14,"18":19,"19":14,"20":5,"21":5,"22":5,"23":5,"24":10,"25":10,"26":10,"27":5},"f":{"0":7,"1":9,"2":10,"3":14,"4":15,"5":19,"6":10},"b":{"0":[9],"1":[4,5],"2":[0,14],"3":[0,14],"4":[14,7],"5":[14,11],"6":[14,10],"7":[10,0],"8":[10,10]},"meta":{"lastBranch":9,"lastFunction":7,"lastStatement":28,"seen":{"s:4:34:11:Infinity":0,"f:4:34:4:57":0,"s:5:2:10:Infinity":1,"s:13:30:56:Infinity":2,"f:13:30:13:Infinity":1,"b:16:28:16:Infinity":0,"b:18:2:20:Infinity:undefined:undefined:undefined:undefined":1,"s:18:2:20:Infinity":3,"s:19:6:19:Infinity":4,"s:22:8:22:Infinity":5,"s:23:18:23:Infinity":6,"s:24:33:29:Infinity":7,"s:31:25:31:Infinity":8,"s:32:21:32:Infinity":9,"s:33:23:33:Infinity":10,"f:33:46:33:47":2,"s:33:64:33:68":11,"s:35:21:44:Infinity":12,"f:35:37:35:38":3,"s:37:23:37:Infinity":13,"b:37:55:37:77:37:77:37:Infinity":2,"s:39:23:39:Infinity":14,"b:39:55:39:77:39:77:39:Infinity":3,"s:41:23:41:Infinity":15,"b:41:23:41:53:41:53:41:Infinity":4,"f:41:77:41:78":4,"s:41:95:41:112":16,"s:42:23:42:Infinity":17,"b:42:23:42:53:42:53:42:Infinity":5,"f:42:77:42:78":5,"s:42:95:42:112":18,"s:43:6:43:Infinity":19,"b:43:13:43:25:43:25:43:Infinity":6,"s:46:20:46:Infinity":20,"s:47:20:47:Infinity":21,"s:49:14:49:Infinity":22,"s:50:2:53:Infinity":23,"f:50:21:50:22":6,"s:51:18:51:Infinity":24,"b:52:6:52:Infinity:undefined:undefined:undefined:undefined":7,"s:52:6:52:Infinity":25,"b:52:10:52:25:52:25:52:38":8,"s:52:38:52:Infinity":26,"s:55:2:55:Infinity":27}}}
,"/Users/lg/lab/wolfram-physics-explorer/src/services/physics/registry.ts": {"path":"/Users/lg/lab/wolfram-physics-explorer/src/services/physics/registry.ts","statementMap":{"0":{"start":{"line":9,"column":32},"end":{"line":15,"column":null}},"1":{"start":{"line":17,"column":19},"end":{"line":17,"column":null}},"2":{"start":{"line":18,"column":0},"end":{"line":42,"column":null}},"3":{"start":{"line":18,"column":10},"end":{"line":18,"column":27}},"4":{"start":{"line":19,"column":16},"end":{"line":19,"column":null}},"5":{"start":{"line":20,"column":4},"end":{"line":41,"column":null}},"6":{"start":{"line":27,"column":28},"end":{"line":27,"column":null}},"7":{"start":{"line":28,"column":43},"end":{"line":28,"column":null}},"8":{"start":{"line":29,"column":43},"end":{"line":29,"column":null}},"9":{"start":{"line":30,"column":30},"end":{"line":30,"column":null}},"10":{"start":{"line":31,"column":28},"end":{"line":31,"column":null}},"11":{"start":{"line":33,"column":13},"end":{"line":38,"column":null}},"12":{"start":{"line":33,"column":23},"end":{"line":33,"column":26}},"13":{"start":{"line":34,"column":17},"end":{"line":34,"column":null}},"14":{"start":{"line":35,"column":28},"end":{"line":35,"column":null}},"15":{"start":{"line":36,"column":17},"end":{"line":36,"column":null}},"16":{"start":{"line":37,"column":17},"end":{"line":37,"column":null}},"17":{"start":{"line":39,"column":13},"end":{"line":39,"column":null}},"18":{"start":{"line":44,"column":29},"end":{"line":44,"column":null}},"19":{"start":{"line":46,"column":27},"end":{"line":48,"column":null}},"20":{"start":{"line":47,"column":4},"end":{"line":47,"column":null}},"21":{"start":{"line":47,"column":35},"end":{"line":47,"column":46}}},"fnMap":{"0":{"name":"(anonymous_0)","decl":{"start":{"line":26,"column":15},"end":{"line":26,"column":16}},"loc":{"start":{"line":26,"column":89},"end":{"line":40,"column":null}},"line":26},"1":{"name":"(anonymous_1)","decl":{"start":{"line":46,"column":27},"end":{"line":46,"column":28}},"loc":{"start":{"line":46,"column":56},"end":{"line":48,"column":null}},"line":46},"2":{"name":"(anonymous_2)","decl":{"start":{"line":47,"column":30},"end":{"line":47,"column":35}},"loc":{"start":{"line":47,"column":35},"end":{"line":47,"column":46}},"line":47}},"branchMap":{"0":{"loc":{"start":{"line":47,"column":11},"end":{"line":47,"column":null}},"type":"binary-expr","locations":[{"start":{"line":47,"column":11},"end":{"line":47,"column":51}},{"start":{"line":47,"column":51},"end":{"line":47,"column":null}}],"line":47}},"s":{"0":2,"1":2,"2":2,"3":2,"4":100,"5":100,"6":0,"7":0,"8":0,"9":0,"10":0,"11":0,"12":0,"13":0,"14":0,"15":0,"16":0,"17":0,"18":100,"19":100,"20":5,"21":10},"f":{"0":0,"1":5,"2":10},"b":{"0":[5,0]},"meta":{"lastBranch":1,"lastFunction":3,"lastStatement":22,"seen":{"s:9:32:15:Infinity":0,"s:17:19:17:Infinity":1,"s:18:0:42:Infinity":2,"s:18:10:18:27":3,"s:19:16:19:Infinity":4,"s:20:4:41:Infinity":5,"f:26:15:26:16":0,"s:27:28:27:Infinity":6,"s:28:43:28:Infinity":7,"s:29:43:29:Infinity":8,"s:30:30:30:Infinity":9,"s:31:28:31:Infinity":10,"s:33:13:38:Infinity":11,"s:33:23:33:26":12,"s:34:17:34:Infinity":13,"s:35:28:35:Infinity":14,"s:36:17:36:Infinity":15,"s:37:17:37:Infinity":16,"s:39:13:39:Infinity":17,"s:44:29:44:Infinity":18,"s:46:27:48:Infinity":19,"f:46:27:46:28":1,"s:47:4:47:Infinity":20,"b:47:11:47:51:47:51:47:Infinity":0,"f:47:30:47:35":2,"s:47:35:47:46":21}}}
,"/Users/lg/lab/wolfram-physics-explorer/src/services/physics/rules/chaos.ts": {"path":"/Users/lg/lab/wolfram-physics-explorer/src/services/physics/rules/chaos.ts","statementMap":{"0":{"start":{"line":4,"column":41},"end":{"line":33,"column":null}},"1":{"start":{"line":11,"column":42},"end":{"line":11,"column":null}},"2":{"start":{"line":12,"column":42},"end":{"line":12,"column":null}},"3":{"start":{"line":13,"column":29},"end":{"line":13,"column":null}},"4":{"start":{"line":15,"column":12},"end":{"line":29,"column":null}},"5":{"start":{"line":15,"column":22},"end":{"line":15,"column":25}},"6":{"start":{"line":16,"column":16},"end":{"line":16,"column":null}},"7":{"start":{"line":17,"column":27},"end":{"line":17,"column":null}},"8":{"start":{"line":18,"column":16},"end":{"line":18,"column":null}},"9":{"start":{"line":20,"column":16},"end":{"line":28,"column":null}},"10":{"start":{"line":21,"column":39},"end":{"line":21,"column":null}},"11":{"start":{"line":22,"column":35},"end":{"line":22,"column":null}},"12":{"start":{"line":24,"column":37},"end":{"line":24,"column":null}},"13":{"start":{"line":25,"column":20},"end":{"line":25,"column":null}},"14":{"start":{"line":26,"column":16},"end":{"line":28,"column":null}},"15":{"start":{"line":27,"column":21},"end":{"line":27,"column":null}},"16":{"start":{"line":30,"column":12},"end":{"line":30,"column":null}}},"fnMap":{"0":{"name":"(anonymous_0)","decl":{"start":{"line":10,"column":15},"end":{"line":10,"column":16}},"loc":{"start":{"line":10,"column":46},"end":{"line":31,"column":null}},"line":10}},"branchMap":{"0":{"loc":{"start":{"line":20,"column":16},"end":{"line":28,"column":null}},"type":"if","locations":[{"start":{"line":20,"column":16},"end":{"line":28,"column":null}},{"start":{"line":26,"column":16},"end":{"line":28,"column":null}}],"line":20},"1":{"loc":{"start":{"line":22,"column":35},"end":{"line":22,"column":null}},"type":"cond-expr","locations":[{"start":{"line":22,"column":57},"end":{"line":22,"column":77}},{"start":{"line":22,"column":77},"end":{"line":22,"column":null}}],"line":22},"2":{"loc":{"start":{"line":24,"column":37},"end":{"line":24,"column":null}},"type":"cond-expr","locations":[{"start":{"line":24,"column":67},"end":{"line":24,"column":87}},{"start":{"line":24,"column":87},"end":{"line":24,"column":null}}],"line":24},"3":{"loc":{"start":{"line":26,"column":16},"end":{"line":28,"column":null}},"type":"if","locations":[{"start":{"line":26,"column":16},"end":{"line":28,"column":null}},{"start":{},"end":{}}],"line":26}},"s":{"0":2,"1":0,"2":0,"3":0,"4":0,"5":0,"6":0,"7":0,"8":0,"9":0,"10":0,"11":0,"12":0,"13":0,"14":0,"15":0,"16":0},"f":{"0":0},"b":{"0":[0,0],"1":[0,0],"2":[0,0],"3":[0,0]},"meta":{"lastBranch":4,"lastFunction":1,"lastStatement":17,"seen":{"s:4:41:33:Infinity":0,"f:10:15:10:16":0,"s:11:42:11:Infinity":1,"s:12:42:12:Infinity":2,"s:13:29:13:Infinity":3,"s:15:12:29:Infinity":4,"s:15:22:15:25":5,"s:16:16:16:Infinity":6,"s:17:27:17:Infinity":7,"s:18:16:18:Infinity":8,"b:20:16:28:Infinity:26:16:28:Infinity":0,"s:20:16:28:Infinity":9,"s:21:39:21:Infinity":10,"s:22:35:22:Infinity":11,"b:22:57:22:77:22:77:22:Infinity":1,"s:24:37:24:Infinity":12,"b:24:67:24:87:24:87:24:Infinity":2,"s:25:20:25:Infinity":13,"b:26:16:28:Infinity:undefined:undefined:undefined:undefined":3,"s:26:16:28:Infinity":14,"s:27:21:27:Infinity":15,"s:30:12:30:Infinity":16}}}
,"/Users/lg/lab/wolfram-physics-explorer/src/services/physics/rules/cosmic.ts": {"path":"/Users/lg/lab/wolfram-physics-explorer/src/services/physics/rules/cosmic.ts","statementMap":{"0":{"start":{"line":4,"column":42},"end":{"line":97,"column":null}},"1":{"start":{"line":12,"column":42},"end":{"line":12,"column":null}},"2":{"start":{"line":13,"column":42},"end":{"line":13,"column":null}},"3":{"start":{"line":14,"column":29},"end":{"line":14,"column":null}},"4":{"start":{"line":16,"column":26},"end":{"line":16,"column":null}},"5":{"start":{"line":18,"column":12},"end":{"line":18,"column":null}},"6":{"start":{"line":18,"column":36},"end":{"line":18,"column":null}},"7":{"start":{"line":20,"column":34},"end":{"line":20,"column":null}},"8":{"start":{"line":23,"column":12},"end":{"line":25,"column":null}},"9":{"start":{"line":24,"column":16},"end":{"line":24,"column":null}},"10":{"start":{"line":27,"column":12},"end":{"line":40,"column":null}},"11":{"start":{"line":27,"column":25},"end":{"line":27,"column":28}},"12":{"start":{"line":28,"column":16},"end":{"line":28,"column":null}},"13":{"start":{"line":29,"column":27},"end":{"line":29,"column":null}},"14":{"start":{"line":33,"column":16},"end":{"line":33,"column":null}},"15":{"start":{"line":34,"column":16},"end":{"line":34,"column":null}},"16":{"start":{"line":36,"column":37},"end":{"line":36,"column":null}},"17":{"start":{"line":37,"column":16},"end":{"line":39,"column":null}},"18":{"start":{"line":38,"column":20},"end":{"line":38,"column":null}},"19":{"start":{"line":41,"column":12},"end":{"line":41,"column":null}},"20":{"start":{"line":51,"column":32},"end":{"line":51,"column":null}},"21":{"start":{"line":51,"column":45},"end":{"line":51,"column":76}},"22":{"start":{"line":52,"column":28},"end":{"line":52,"column":null}},"23":{"start":{"line":54,"column":42},"end":{"line":54,"column":null}},"24":{"start":{"line":55,"column":42},"end":{"line":55,"column":null}},"25":{"start":{"line":56,"column":29},"end":{"line":56,"column":null}},"26":{"start":{"line":58,"column":26},"end":{"line":58,"column":null}},"27":{"start":{"line":59,"column":12},"end":{"line":67,"column":null}},"28":{"start":{"line":59,"column":22},"end":{"line":59,"column":25}},"29":{"start":{"line":60,"column":31},"end":{"line":60,"column":null}},"30":{"start":{"line":61,"column":16},"end":{"line":66,"column":null}},"31":{"start":{"line":61,"column":26},"end":{"line":61,"column":29}},"32":{"start":{"line":62,"column":20},"end":{"line":62,"column":null}},"33":{"start":{"line":63,"column":31},"end":{"line":63,"column":null}},"34":{"start":{"line":64,"column":20},"end":{"line":64,"column":null}},"35":{"start":{"line":65,"column":20},"end":{"line":65,"column":null}},"36":{"start":{"line":68,"column":12},"end":{"line":68,"column":null}},"37":{"start":{"line":78,"column":42},"end":{"line":78,"column":null}},"38":{"start":{"line":80,"column":12},"end":{"line":87,"column":null}},"39":{"start":{"line":81,"column":32},"end":{"line":81,"column":null}},"40":{"start":{"line":82,"column":23},"end":{"line":82,"column":null}},"41":{"start":{"line":83,"column":17},"end":{"line":86,"column":null}},"42":{"start":{"line":89,"column":12},"end":{"line":93,"column":null}},"43":{"start":{"line":90,"column":32},"end":{"line":90,"column":null}},"44":{"start":{"line":91,"column":32},"end":{"line":91,"column":null}},"45":{"start":{"line":92,"column":16},"end":{"line":92,"column":null}},"46":{"start":{"line":94,"column":12},"end":{"line":94,"column":null}}},"fnMap":{"0":{"name":"(anonymous_0)","decl":{"start":{"line":11,"column":15},"end":{"line":11,"column":16}},"loc":{"start":{"line":11,"column":89},"end":{"line":42,"column":null}},"line":11},"1":{"name":"(anonymous_1)","decl":{"start":{"line":50,"column":15},"end":{"line":50,"column":16}},"loc":{"start":{"line":50,"column":47},"end":{"line":69,"column":null}},"line":50},"2":{"name":"(anonymous_2)","decl":{"start":{"line":51,"column":45},"end":{"line":51,"column":51}},"loc":{"start":{"line":51,"column":45},"end":{"line":51,"column":76}},"line":51},"3":{"name":"(anonymous_3)","decl":{"start":{"line":77,"column":15},"end":{"line":77,"column":16}},"loc":{"start":{"line":77,"column":47},"end":{"line":95,"column":null}},"line":77}},"branchMap":{"0":{"loc":{"start":{"line":18,"column":12},"end":{"line":18,"column":null}},"type":"if","locations":[{"start":{"line":18,"column":12},"end":{"line":18,"column":null}},{"start":{},"end":{}}],"line":18},"1":{"loc":{"start":{"line":23,"column":12},"end":{"line":25,"column":null}},"type":"if","locations":[{"start":{"line":23,"column":12},"end":{"line":25,"column":null}},{"start":{},"end":{}}],"line":23},"2":{"loc":{"start":{"line":37,"column":16},"end":{"line":39,"column":null}},"type":"if","locations":[{"start":{"line":37,"column":16},"end":{"line":39,"column":null}},{"start":{},"end":{}}],"line":37},"3":{"loc":{"start":{"line":51,"column":51},"end":{"line":51,"column":68}},"type":"binary-expr","locations":[{"start":{"line":51,"column":51},"end":{"line":51,"column":62}},{"start":{"line":51,"column":62},"end":{"line":51,"column":68}}],"line":51},"4":{"loc":{"start":{"line":52,"column":28},"end":{"line":52,"column":null}},"type":"cond-expr","locations":[{"start":{"line":52,"column":53},"end":{"line":52,"column":67}},{"start":{"line":52,"column":67},"end":{"line":52,"column":null}}],"line":52},"5":{"loc":{"start":{"line":80,"column":12},"end":{"line":87,"column":null}},"type":"if","locations":[{"start":{"line":80,"column":12},"end":{"line":87,"column":null}},{"start":{},"end":{}}],"line":80},"6":{"loc":{"start":{"line":89,"column":12},"end":{"line":93,"column":null}},"type":"if","locations":[{"start":{"line":89,"column":12},"end":{"line":93,"column":null}},{"start":{},"end":{}}],"line":89}},"s":{"0":2,"1":1,"2":1,"3":1,"4":1,"5":1,"6":0,"7":1,"8":1,"9":1,"10":1,"11":1,"12":3,"13":3,"14":3,"15":3,"16":3,"17":3,"18":0,"19":1,"20":3,"21":5,"22":3,"23":3,"24":3,"25":3,"26":3,"27":3,"28":3,"29":5,"30":5,"31":5,"32":10,"33":10,"34":10,"35":10,"36":3,"37":1,"38":1,"39":1,"40":1,"41":1,"42":0,"43":0,"44":0,"45":0,"46":0},"f":{"0":1,"1":3,"2":5,"3":1},"b":{"0":[0,1],"1":[1,0],"2":[0,3],"3":[5,3],"4":[3,0],"5":[1,0],"6":[0,0]},"meta":{"lastBranch":7,"lastFunction":4,"lastStatement":47,"seen":{"s:4:42:97:Infinity":0,"f:11:15:11:16":0,"s:12:42:12:Infinity":1,"s:13:42:13:Infinity":2,"s:14:29:14:Infinity":3,"s:16:26:16:Infinity":4,"b:18:12:18:Infinity:undefined:undefined:undefined:undefined":0,"s:18:12:18:Infinity":5,"s:18:36:18:Infinity":6,"s:20:34:20:Infinity":7,"b:23:12:25:Infinity:undefined:undefined:undefined:undefined":1,"s:23:12:25:Infinity":8,"s:24:16:24:Infinity":9,"s:27:12:40:Infinity":10,"s:27:25:27:28":11,"s:28:16:28:Infinity":12,"s:29:27:29:Infinity":13,"s:33:16:33:Infinity":14,"s:34:16:34:Infinity":15,"s:36:37:36:Infinity":16,"b:37:16:39:Infinity:undefined:undefined:undefined:undefined":2,"s:37:16:39:Infinity":17,"s:38:20:38:Infinity":18,"s:41:12:41:Infinity":19,"f:50:15:50:16":1,"s:51:32:51:Infinity":20,"f:51:45:51:51":2,"s:51:45:51:76":21,"b:51:51:51:62:51:62:51:68":3,"s:52:28:52:Infinity":22,"b:52:53:52:67:52:67:52:Infinity":4,"s:54:42:54:Infinity":23,"s:55:42:55:Infinity":24,"s:56:29:56:Infinity":25,"s:58:26:58:Infinity":26,"s:59:12:67:Infinity":27,"s:59:22:59:25":28,"s:60:31:60:Infinity":29,"s:61:16:66:Infinity":30,"s:61:26:61:29":31,"s:62:20:62:Infinity":32,"s:63:31:63:Infinity":33,"s:64:20:64:Infinity":34,"s:65:20:65:Infinity":35,"s:68:12:68:Infinity":36,"f:77:15:77:16":3,"s:78:42:78:Infinity":37,"b:80:12:87:Infinity:undefined:undefined:undefined:undefined":5,"s:80:12:87:Infinity":38,"s:81:32:81:Infinity":39,"s:82:23:82:Infinity":40,"s:83:17:86:Infinity":41,"b:89:12:93:Infinity:undefined:undefined:undefined:undefined":6,"s:89:12:93:Infinity":42,"s:90:32:90:Infinity":43,"s:91:32:91:Infinity":44,"s:92:16:92:Infinity":45,"s:94:12:94:Infinity":46}}}
,"/Users/lg/lab/wolfram-physics-explorer/src/services/physics/rules/cycle.ts": {"path":"/Users/lg/lab/wolfram-physics-explorer/src/services/physics/rules/cycle.ts","statementMap":{"0":{"start":{"line":4,"column":41},"end":{"line":4,"column":null}},"1":{"start":{"line":6,"column":0},"end":{"line":31,"column":null}},"2":{"start":{"line":6,"column":13},"end":{"line":6,"column":16}},"3":{"start":{"line":7,"column":4},"end":{"line":30,"column":null}},"4":{"start":{"line":13,"column":42},"end":{"line":13,"column":null}},"5":{"start":{"line":14,"column":42},"end":{"line":14,"column":null}},"6":{"start":{"line":15,"column":29},"end":{"line":15,"column":null}},"7":{"start":{"line":16,"column":18},"end":{"line":16,"column":null}},"8":{"start":{"line":18,"column":27},"end":{"line":18,"column":null}},"9":{"start":{"line":19,"column":25},"end":{"line":19,"column":null}},"10":{"start":{"line":20,"column":12},"end":{"line":26,"column":null}},"11":{"start":{"line":20,"column":22},"end":{"line":20,"column":25}},"12":{"start":{"line":21,"column":16},"end":{"line":21,"column":null}},"13":{"start":{"line":22,"column":27},"end":{"line":22,"column":null}},"14":{"start":{"line":23,"column":16},"end":{"line":23,"column":null}},"15":{"start":{"line":24,"column":16},"end":{"line":24,"column":null}},"16":{"start":{"line":25,"column":16},"end":{"line":25,"column":null}},"17":{"start":{"line":27,"column":12},"end":{"line":27,"column":null}},"18":{"start":{"line":28,"column":12},"end":{"line":28,"column":null}}},"fnMap":{"0":{"name":"(anonymous_0)","decl":{"start":{"line":12,"column":15},"end":{"line":12,"column":16}},"loc":{"start":{"line":12,"column":47},"end":{"line":29,"column":null}},"line":12}},"branchMap":{},"s":{"0":2,"1":2,"2":2,"3":12,"4":0,"5":0,"6":0,"7":0,"8":0,"9":0,"10":0,"11":0,"12":0,"13":0,"14":0,"15":0,"16":0,"17":0,"18":0},"f":{"0":0},"b":{},"meta":{"lastBranch":0,"lastFunction":1,"lastStatement":19,"seen":{"s:4:41:4:Infinity":0,"s:6:0:31:Infinity":1,"s:6:13:6:16":2,"s:7:4:30:Infinity":3,"f:12:15:12:16":0,"s:13:42:13:Infinity":4,"s:14:42:14:Infinity":5,"s:15:29:15:Infinity":6,"s:16:18:16:Infinity":7,"s:18:27:18:Infinity":8,"s:19:25:19:Infinity":9,"s:20:12:26:Infinity":10,"s:20:22:20:25":11,"s:21:16:21:Infinity":12,"s:22:27:22:Infinity":13,"s:23:16:23:Infinity":14,"s:24:16:24:Infinity":15,"s:25:16:25:Infinity":16,"s:27:12:27:Infinity":17,"s:28:12:28:Infinity":18}}}
,"/Users/lg/lab/wolfram-physics-explorer/src/services/physics/rules/growth.ts": {"path":"/Users/lg/lab/wolfram-physics-explorer/src/services/physics/rules/growth.ts","statementMap":{"0":{"start":{"line":4,"column":42},"end":{"line":4,"column":null}},"1":{"start":{"line":7,"column":0},"end":{"line":34,"column":null}},"2":{"start":{"line":7,"column":13},"end":{"line":7,"column":16}},"3":{"start":{"line":8,"column":2},"end":{"line":33,"column":null}},"4":{"start":{"line":15,"column":26},"end":{"line":15,"column":null}},"5":{"start":{"line":15,"column":39},"end":{"line":15,"column":71}},"6":{"start":{"line":16,"column":22},"end":{"line":16,"column":null}},"7":{"start":{"line":17,"column":36},"end":{"line":17,"column":null}},"8":{"start":{"line":18,"column":36},"end":{"line":18,"column":null}},"9":{"start":{"line":19,"column":23},"end":{"line":19,"column":null}},"10":{"start":{"line":21,"column":26},"end":{"line":21,"column":null}},"11":{"start":{"line":23,"column":6},"end":{"line":30,"column":null}},"12":{"start":{"line":24,"column":8},"end":{"line":29,"column":null}},"13":{"start":{"line":24,"column":21},"end":{"line":24,"column":24}},"14":{"start":{"line":25,"column":10},"end":{"line":25,"column":null}},"15":{"start":{"line":26,"column":21},"end":{"line":26,"column":null}},"16":{"start":{"line":27,"column":10},"end":{"line":27,"column":null}},"17":{"start":{"line":28,"column":10},"end":{"line":28,"column":null}},"18":{"start":{"line":31,"column":6},"end":{"line":31,"column":null}}},"fnMap":{"0":{"name":"(anonymous_0)","decl":{"start":{"line":14,"column":11},"end":{"line":14,"column":12}},"loc":{"start":{"line":14,"column":43},"end":{"line":32,"column":null}},"line":14},"1":{"name":"(anonymous_1)","decl":{"start":{"line":15,"column":39},"end":{"line":15,"column":45}},"loc":{"start":{"line":15,"column":39},"end":{"line":15,"column":71}},"line":15},"2":{"name":"(anonymous_2)","decl":{"start":{"line":23,"column":26},"end":{"line":23,"column":34}},"loc":{"start":{"line":23,"column":34},"end":{"line":30,"column":7}},"line":23}},"branchMap":{"0":{"loc":{"start":{"line":13,"column":37},"end":{"line":13,"column":63}},"type":"cond-expr","locations":[{"start":{"line":13,"column":45},"end":{"line":13,"column":61}},{"start":{"line":13,"column":61},"end":{"line":13,"column":63}}],"line":13},"1":{"loc":{"start":{"line":15,"column":45},"end":{"line":15,"column":63}},"type":"binary-expr","locations":[{"start":{"line":15,"column":45},"end":{"line":15,"column":56}},{"start":{"line":15,"column":56},"end":{"line":15,"column":63}}],"line":15},"2":{"loc":{"start":{"line":16,"column":22},"end":{"line":16,"column":null}},"type":"cond-expr","locations":[{"start":{"line":16,"column":47},"end":{"line":16,"column":61}},{"start":{"line":16,"column":61},"end":{"line":16,"column":null}}],"line":16},"3":{"loc":{"start":{"line":21,"column":26},"end":{"line":21,"column":null}},"type":"cond-expr","locations":[{"start":{"line":21,"column":48},"end":{"line":21,"column":71}},{"start":{"line":21,"column":71},"end":{"line":21,"column":null}}],"line":21}},"s":{"0":2,"1":2,"2":2,"3":6,"4":0,"5":0,"6":0,"7":0,"8":0,"9":0,"10":0,"11":0,"12":0,"13":0,"14":0,"15":0,"16":0,"17":0,"18":0},"f":{"0":0,"1":0,"2":0},"b":{"0":[4,2],"1":[0,0],"2":[0,0],"3":[0,0]},"meta":{"lastBranch":4,"lastFunction":3,"lastStatement":19,"seen":{"s:4:42:4:Infinity":0,"s:7:0:34:Infinity":1,"s:7:13:7:16":2,"s:8:2:33:Infinity":3,"b:13:45:13:61:13:61:13:63":0,"f:14:11:14:12":0,"s:15:26:15:Infinity":4,"f:15:39:15:45":1,"s:15:39:15:71":5,"b:15:45:15:56:15:56:15:63":1,"s:16:22:16:Infinity":6,"b:16:47:16:61:16:61:16:Infinity":2,"s:17:36:17:Infinity":7,"s:18:36:18:Infinity":8,"s:19:23:19:Infinity":9,"s:21:26:21:Infinity":10,"b:21:48:21:71:21:71:21:Infinity":3,"s:23:6:30:Infinity":11,"f:23:26:23:34":2,"s:24:8:29:Infinity":12,"s:24:21:24:24":13,"s:25:10:25:Infinity":14,"s:26:21:26:Infinity":15,"s:27:10:27:Infinity":16,"s:28:10:28:Infinity":17,"s:31:6:31:Infinity":18}}}
,"/Users/lg/lab/wolfram-physics-explorer/src/services/physics/rules/lattice.ts": {"path":"/Users/lg/lab/wolfram-physics-explorer/src/services/physics/rules/lattice.ts","statementMap":{"0":{"start":{"line":4,"column":43},"end":{"line":30,"column":null}},"1":{"start":{"line":11,"column":28},"end":{"line":11,"column":null}},"2":{"start":{"line":12,"column":42},"end":{"line":12,"column":null}},"3":{"start":{"line":13,"column":42},"end":{"line":13,"column":null}},"4":{"start":{"line":14,"column":29},"end":{"line":14,"column":null}},"5":{"start":{"line":16,"column":12},"end":{"line":26,"column":null}},"6":{"start":{"line":17,"column":16},"end":{"line":25,"column":null}},"7":{"start":{"line":18,"column":20},"end":{"line":18,"column":null}},"8":{"start":{"line":19,"column":31},"end":{"line":19,"column":null}},"9":{"start":{"line":20,"column":20},"end":{"line":20,"column":null}},"10":{"start":{"line":21,"column":20},"end":{"line":21,"column":null}},"11":{"start":{"line":22,"column":20},"end":{"line":24,"column":null}},"12":{"start":{"line":23,"column":24},"end":{"line":23,"column":null}},"13":{"start":{"line":27,"column":12},"end":{"line":27,"column":null}}},"fnMap":{"0":{"name":"(anonymous_0)","decl":{"start":{"line":10,"column":15},"end":{"line":10,"column":16}},"loc":{"start":{"line":10,"column":47},"end":{"line":28,"column":null}},"line":10},"1":{"name":"(anonymous_1)","decl":{"start":{"line":16,"column":28},"end":{"line":16,"column":29}},"loc":{"start":{"line":16,"column":40},"end":{"line":26,"column":13}},"line":16}},"branchMap":{"0":{"loc":{"start":{"line":17,"column":16},"end":{"line":25,"column":null}},"type":"if","locations":[{"start":{"line":17,"column":16},"end":{"line":25,"column":null}},{"start":{},"end":{}}],"line":17},"1":{"loc":{"start":{"line":22,"column":20},"end":{"line":24,"column":null}},"type":"if","locations":[{"start":{"line":22,"column":20},"end":{"line":24,"column":null}},{"start":{},"end":{}}],"line":22}},"s":{"0":2,"1":0,"2":0,"3":0,"4":0,"5":0,"6":0,"7":0,"8":0,"9":0,"10":0,"11":0,"12":0,"13":0},"f":{"0":0,"1":0},"b":{"0":[0,0],"1":[0,0]},"meta":{"lastBranch":2,"lastFunction":2,"lastStatement":14,"seen":{"s:4:43:30:Infinity":0,"f:10:15:10:16":0,"s:11:28:11:Infinity":1,"s:12:42:12:Infinity":2,"s:13:42:13:Infinity":3,"s:14:29:14:Infinity":4,"s:16:12:26:Infinity":5,"f:16:28:16:29":1,"b:17:16:25:Infinity:undefined:undefined:undefined:undefined":0,"s:17:16:25:Infinity":6,"s:18:20:18:Infinity":7,"s:19:31:19:Infinity":8,"s:20:20:20:Infinity":9,"s:21:20:21:Infinity":10,"b:22:20:24:Infinity:undefined:undefined:undefined:undefined":1,"s:22:20:24:Infinity":11,"s:23:24:23:Infinity":12,"s:27:12:27:Infinity":13}}}
}
